  [1m[36m (1.5ms)[0m  [1mCREATE TABLE "schema_migrations" ("version" varchar NOT NULL) [0m
  [1m[35m (0.1ms)[0m  select sqlite_version(*)
  [1m[36m (0.7ms)[0m  [1mCREATE UNIQUE INDEX "unique_schema_migrations" ON "schema_migrations" ("version")[0m
  [1m[35mActiveRecord::SchemaMigration Load (0.1ms)[0m  SELECT "schema_migrations".* FROM "schema_migrations"
Migrating to DeviseCreateUsers (20160307033625)
  [1m[36m (0.0ms)[0m  [1mbegin transaction[0m
  [1m[35m (0.3ms)[0m  CREATE TABLE "users" ("id" INTEGER PRIMARY KEY AUTOINCREMENT NOT NULL, "username" varchar DEFAULT '' NOT NULL, "email" varchar DEFAULT '' NOT NULL, "encrypted_password" varchar DEFAULT '' NOT NULL, "reset_password_token" varchar, "reset_password_sent_at" datetime, "remember_created_at" datetime, "sign_in_count" integer DEFAULT 0 NOT NULL, "current_sign_in_at" datetime, "last_sign_in_at" datetime, "current_sign_in_ip" varchar, "last_sign_in_ip" varchar, "confirmation_token" varchar, "confirmed_at" datetime, "confirmation_sent_at" datetime, "unconfirmed_email" varchar, "created_at" datetime NOT NULL, "updated_at" datetime NOT NULL) 
  [1m[36m (0.3ms)[0m  [1mCREATE UNIQUE INDEX "index_users_on_email" ON "users" ("email")[0m
  [1m[35m (0.1ms)[0m              SELECT sql
            FROM sqlite_master
            WHERE name='index_users_on_email' AND type='index'
            UNION ALL
            SELECT sql
            FROM sqlite_temp_master
            WHERE name='index_users_on_email' AND type='index'

  [1m[36m (0.1ms)[0m  [1mCREATE UNIQUE INDEX "index_users_on_reset_password_token" ON "users" ("reset_password_token")[0m
  [1m[35m (0.0ms)[0m              SELECT sql
            FROM sqlite_master
            WHERE name='index_users_on_reset_password_token' AND type='index'
            UNION ALL
            SELECT sql
            FROM sqlite_temp_master
            WHERE name='index_users_on_reset_password_token' AND type='index'

  [1m[36m (0.0ms)[0m  [1m            SELECT sql
            FROM sqlite_master
            WHERE name='index_users_on_email' AND type='index'
            UNION ALL
            SELECT sql
            FROM sqlite_temp_master
            WHERE name='index_users_on_email' AND type='index'
[0m
  [1m[35m (0.1ms)[0m  CREATE UNIQUE INDEX "index_users_on_confirmation_token" ON "users" ("confirmation_token")
  [1m[36mSQL (0.1ms)[0m  [1mINSERT INTO "schema_migrations" ("version") VALUES (?)[0m  [["version", "20160307033625"]]
  [1m[35m (0.7ms)[0m  commit transaction
Migrating to AddColumnsToUsers (20160309231604)
  [1m[36m (0.0ms)[0m  [1mbegin transaction[0m
  [1m[35m (0.2ms)[0m  ALTER TABLE "users" ADD "admin" boolean DEFAULT 'f'
  [1m[36m (0.2ms)[0m  [1mALTER TABLE "users" ADD "firstname" varchar[0m
  [1m[35m (0.2ms)[0m  ALTER TABLE "users" ADD "lastname" varchar
  [1m[36mSQL (0.1ms)[0m  [1mINSERT INTO "schema_migrations" ("version") VALUES (?)[0m  [["version", "20160309231604"]]
  [1m[35m (0.4ms)[0m  commit transaction
Migrating to CreateArticles (20160312184553)
  [1m[36m (0.0ms)[0m  [1mbegin transaction[0m
  [1m[35m (0.2ms)[0m  CREATE TABLE "articles" ("id" INTEGER PRIMARY KEY AUTOINCREMENT NOT NULL, "title" varchar, "body" text, "created_at" datetime NOT NULL, "updated_at" datetime NOT NULL) 
  [1m[36mSQL (0.1ms)[0m  [1mINSERT INTO "schema_migrations" ("version") VALUES (?)[0m  [["version", "20160312184553"]]
  [1m[35m (0.5ms)[0m  commit transaction
Migrating to AddUserIdToArticles (20160313185110)
  [1m[36m (0.1ms)[0m  [1mbegin transaction[0m
  [1m[35m (0.3ms)[0m  ALTER TABLE "articles" ADD "user_id" integer
  [1m[36mSQL (0.1ms)[0m  [1mINSERT INTO "schema_migrations" ("version") VALUES (?)[0m  [["version", "20160313185110"]]
  [1m[35m (0.5ms)[0m  commit transaction
Migrating to Contacts (20160314025647)
  [1m[36m (0.0ms)[0m  [1mbegin transaction[0m
DEPRECATION WARNING: `#timestamps` was called without specifying an option for `null`. In Rails 5, this behavior will change to `null: false`. You should manually specify `null: true` to prevent the behavior of your existing migrations from changing. (called from block in change at /Users/nelsonho/Desktop/essential-articles/db/migrate/20160314025647_contacts.rb:7)
  [1m[35m (0.2ms)[0m  CREATE TABLE "contacts" ("id" INTEGER PRIMARY KEY AUTOINCREMENT NOT NULL, "name" varchar, "email" varchar, "message" text, "created_at" datetime, "updated_at" datetime) 
  [1m[36mSQL (0.1ms)[0m  [1mINSERT INTO "schema_migrations" ("version") VALUES (?)[0m  [["version", "20160314025647"]]
  [1m[35m (0.7ms)[0m  commit transaction
Migrating to CreateComments (20160320222854)
  [1m[36m (0.0ms)[0m  [1mbegin transaction[0m
  [1m[35m (0.3ms)[0m  CREATE TABLE "comments" ("id" INTEGER PRIMARY KEY AUTOINCREMENT NOT NULL, "body" text, "user_id" integer, "article_id" integer, "created_at" datetime NOT NULL, "updated_at" datetime NOT NULL) 
  [1m[36m (0.1ms)[0m  [1mCREATE  INDEX "index_comments_on_user_id" ON "comments" ("user_id")[0m
  [1m[35m (0.0ms)[0m              SELECT sql
            FROM sqlite_master
            WHERE name='index_comments_on_user_id' AND type='index'
            UNION ALL
            SELECT sql
            FROM sqlite_temp_master
            WHERE name='index_comments_on_user_id' AND type='index'

  [1m[36m (0.1ms)[0m  [1mCREATE  INDEX "index_comments_on_article_id" ON "comments" ("article_id")[0m
  [1m[35mSQL (0.1ms)[0m  INSERT INTO "schema_migrations" ("version") VALUES (?)  [["version", "20160320222854"]]
  [1m[36m (0.5ms)[0m  [1mcommit transaction[0m
  [1m[35mActiveRecord::SchemaMigration Load (0.1ms)[0m  SELECT "schema_migrations".* FROM "schema_migrations"
  [1m[36m (0.1ms)[0m  [1m            SELECT sql
            FROM sqlite_master
            WHERE name='index_comments_on_article_id' AND type='index'
            UNION ALL
            SELECT sql
            FROM sqlite_temp_master
            WHERE name='index_comments_on_article_id' AND type='index'
[0m
  [1m[35m (0.1ms)[0m              SELECT sql
            FROM sqlite_master
            WHERE name='index_comments_on_user_id' AND type='index'
            UNION ALL
            SELECT sql
            FROM sqlite_temp_master
            WHERE name='index_comments_on_user_id' AND type='index'

  [1m[36m (0.1ms)[0m  [1m            SELECT sql
            FROM sqlite_master
            WHERE name='index_users_on_confirmation_token' AND type='index'
            UNION ALL
            SELECT sql
            FROM sqlite_temp_master
            WHERE name='index_users_on_confirmation_token' AND type='index'
[0m
  [1m[35m (0.2ms)[0m              SELECT sql
            FROM sqlite_master
            WHERE name='index_users_on_reset_password_token' AND type='index'
            UNION ALL
            SELECT sql
            FROM sqlite_temp_master
            WHERE name='index_users_on_reset_password_token' AND type='index'

  [1m[36m (0.1ms)[0m  [1m            SELECT sql
            FROM sqlite_master
            WHERE name='index_users_on_email' AND type='index'
            UNION ALL
            SELECT sql
            FROM sqlite_temp_master
            WHERE name='index_users_on_email' AND type='index'
[0m


Started GET "/" for ::1 at 2016-11-29 18:48:07 -0800
  [1m[36mActiveRecord::SchemaMigration Load (0.1ms)[0m  [1mSELECT "schema_migrations".* FROM "schema_migrations"[0m
Processing by PagesController#index as HTML
  [1m[35mArticle Load (0.1ms)[0m  SELECT  "articles".* FROM "articles"  ORDER BY "articles"."id" DESC LIMIT 5
  Rendered pages/index.html.erb within layouts/application (1.1ms)
DEPRECATION WARNING: Extra .css in SCSS file is unnecessary. Rename /Users/nelsonho/Desktop/essential-articles/app/assets/stylesheets/yeti.css.scss to /Users/nelsonho/Desktop/essential-articles/app/assets/stylesheets/yeti.scss. (called from _app_views_layouts_application_html_erb__4402218114044302739_70177092725220 at /Users/nelsonho/Desktop/essential-articles/app/views/layouts/application.html.erb:5)
DEPRECATION WARNING: Extra .css in SCSS file is unnecessary. Rename /Users/nelsonho/Desktop/essential-articles/app/assets/stylesheets/yeti.css.scss to /Users/nelsonho/Desktop/essential-articles/app/assets/stylesheets/yeti.scss. (called from _app_views_layouts_application_html_erb__4402218114044302739_70177092725220 at /Users/nelsonho/Desktop/essential-articles/app/views/layouts/application.html.erb:5)
  Rendered layouts/_nav.html.erb (1.4ms)
  Rendered layouts/_foot.html.erb (0.8ms)
Completed 200 OK in 8511ms (Views: 8495.8ms | ActiveRecord: 0.3ms)


Started GET "/assets/footer.self-7e61a478cd9a099b557890f5aac00c024c56681eb2f59f6c8ef9b8638a058af4.css?body=1" for ::1 at 2016-11-29 18:48:16 -0800


Started GET "/assets/scaffolds.self-bb59d7884eaaf84ba5c96cedfff6ab8d6944883dc64eec8b85105eb10a78c5ea.css?body=1" for ::1 at 2016-11-29 18:48:16 -0800


Started GET "/assets/yeti.self-53722acde2599d04613661cb330121835c17a10642efe0004b774dbc1f6afd39.css?body=1" for ::1 at 2016-11-29 18:48:16 -0800


Started GET "/assets/application.self-9369d0e332f5a9bdbcf2d8b18da6fd5ffaff766d2c9949de76ec1b554ab5947a.css?body=1" for ::1 at 2016-11-29 18:48:16 -0800


Started GET "/assets/bootstrap/alert.self-d8b7bd612b3dcfdefb7b5539b9d5848d66ccbd3e7af8bb8d48bfb3288aaa7be8.js?body=1" for ::1 at 2016-11-29 18:48:16 -0800


Started GET "/assets/jquery.self-c64a74367bda6ef8b860f19e74df08927ca99d2be2ac934e9e92d5fd361e0da4.js?body=1" for ::1 at 2016-11-29 18:48:16 -0800


Started GET "/assets/bootstrap/affix.self-3555752f8a930795ee9e56751a52e6871104ae85d01b3ab8363da3802a5ecc78.js?body=1" for ::1 at 2016-11-29 18:48:16 -0800


Started GET "/assets/bootstrap/button.self-e74d33ba39500940a78d6fa4d2d64f6ca7fd86d60a2149641f7fde7ba711d8a1.js?body=1" for ::1 at 2016-11-29 18:48:16 -0800


Started GET "/assets/bootstrap/carousel.self-35d204878d906298e55bc24553e11fd89b980fc4ffe5792fe36af8c0da289c54.js?body=1" for ::1 at 2016-11-29 18:48:16 -0800


Started GET "/assets/bootstrap/collapse.self-056c40532d9f0f126ec17e839f60c942f573fbd61a086e7f156306e3fc5e8c1f.js?body=1" for ::1 at 2016-11-29 18:48:16 -0800


Started GET "/assets/bootstrap/dropdown.self-e56c2ffee4618411d43ecf15c89273f6223847ad756e1cd17545d04afa732ed4.js?body=1" for ::1 at 2016-11-29 18:48:16 -0800


Started GET "/assets/bootstrap/modal.self-62463080dba6b9d024ff0a3192da0e76eacbc683194f3395047c6f5cfa0acb59.js?body=1" for ::1 at 2016-11-29 18:48:16 -0800


Started GET "/assets/bootstrap/scrollspy.self-52afd90e8ba97d9f08617a13986e8869d6c4a45751c0bff59a6f91241e722aca.js?body=1" for ::1 at 2016-11-29 18:48:16 -0800


Started GET "/assets/bootstrap/tab.self-dad0d5c377f9fae26394484535ebb23ccf68afae084f896af6ea4cdf8c9f6ae0.js?body=1" for ::1 at 2016-11-29 18:48:16 -0800


Started GET "/assets/bootstrap/transition.self-3b268d4cd8c79e46ded7392885f72f64ffb5b0d49948a12b8cf9779f6163e13a.js?body=1" for ::1 at 2016-11-29 18:48:16 -0800


Started GET "/assets/bootstrap/tooltip.self-facdc69246a072acb927ded77ff655f7c27a518b9357fddd45d119fbc8a0ab9f.js?body=1" for ::1 at 2016-11-29 18:48:16 -0800


Started GET "/assets/bootstrap/popover.self-210cff1fb4b72b71a29b5122180cb5937c8145cd13a934dc838280f1d9607a3e.js?body=1" for ::1 at 2016-11-29 18:48:16 -0800


Started GET "/assets/bootstrap-sprockets.self-fbfa5ad7d9aa0afe439ec4ff3883acc4cb92b62cb67c40d674320c9aa1d4642d.js?body=1" for ::1 at 2016-11-29 18:48:16 -0800


Started GET "/assets/jquery_ujs.self-d602bdfe68ffc63b9f9cc512872aa3cfff046228a0a36e90dd476e8ef54c1b09.js?body=1" for ::1 at 2016-11-29 18:48:16 -0800


Started GET "/assets/turbolinks.self-c37727e9bd6b2735da5c311aa83fead54ed0be6cc8bd9a65309e9c5abe2cbfff.js?body=1" for ::1 at 2016-11-29 18:48:16 -0800


Started GET "/assets/application.self-f8806224e027f3e3f0138ea9ce99319e298dfdb323304d1f1be6eae8e8c74724.js?body=1" for ::1 at 2016-11-29 18:48:16 -0800


Started GET "/assets/font-awesome/fontawesome-webfont-ff82aeed6b9bb6701696c84d1b223d2e682eb78c89117a438ce6cfea8c498995.woff2?v=4.5.0" for ::1 at 2016-11-29 18:48:16 -0800


Started GET "/pages/about" for ::1 at 2016-11-29 18:48:21 -0800
Processing by PagesController#about as HTML
  Rendered pages/about.html.erb within layouts/application (0.3ms)
  Rendered layouts/_nav.html.erb (1.2ms)
  Rendered layouts/_foot.html.erb (0.5ms)
Completed 200 OK in 43ms (Views: 42.6ms | ActiveRecord: 0.0ms)


Started GET "/pages/contact" for ::1 at 2016-11-29 18:48:23 -0800
Processing by PagesController#contact as HTML
  Rendered pages/_mailer.html.erb (40.4ms)
  Rendered pages/contact.html.erb within layouts/application (42.2ms)
  Rendered layouts/_nav.html.erb (0.5ms)
  Rendered layouts/_foot.html.erb (0.1ms)
Completed 200 OK in 245ms (Views: 83.8ms | ActiveRecord: 0.2ms)


Started GET "/" for ::1 at 2016-11-29 19:01:33 -0800
  [1m[36mActiveRecord::SchemaMigration Load (0.1ms)[0m  [1mSELECT "schema_migrations".* FROM "schema_migrations"[0m
Processing by PagesController#index as HTML
  [1m[35mArticle Load (0.1ms)[0m  SELECT  "articles".* FROM "articles"  ORDER BY "articles"."id" DESC LIMIT 5
  Rendered pages/index.html.erb within layouts/application (1.2ms)
  Rendered layouts/_nav.html.erb (1.4ms)
  Rendered layouts/_foot.html.erb (0.4ms)
Completed 200 OK in 279ms (Views: 262.4ms | ActiveRecord: 0.4ms)


Started GET "/" for ::1 at 2016-11-29 19:01:36 -0800
Processing by PagesController#index as HTML
  [1m[36mArticle Load (0.1ms)[0m  [1mSELECT  "articles".* FROM "articles"  ORDER BY "articles"."id" DESC LIMIT 5[0m
  Rendered pages/index.html.erb within layouts/application (0.4ms)
  Rendered layouts/_nav.html.erb (1.6ms)
  Rendered layouts/_foot.html.erb (1.2ms)
Completed 200 OK in 84ms (Views: 83.0ms | ActiveRecord: 0.1ms)


Started GET "/" for ::1 at 2016-11-29 19:02:04 -0800
Processing by PagesController#index as HTML
  [1m[35mArticle Load (0.1ms)[0m  SELECT  "articles".* FROM "articles"  ORDER BY "articles"."id" DESC LIMIT 5
  Rendered pages/index.html.erb within layouts/application (0.1ms)
  Rendered layouts/_nav.html.erb (0.5ms)
  Rendered layouts/_foot.html.erb (0.1ms)
Completed 200 OK in 56ms (Views: 54.2ms | ActiveRecord: 0.1ms)


Started GET "/" for ::1 at 2016-11-29 19:02:22 -0800
Processing by PagesController#index as HTML
  [1m[36mArticle Load (0.1ms)[0m  [1mSELECT  "articles".* FROM "articles"  ORDER BY "articles"."id" DESC LIMIT 5[0m
  Rendered pages/index.html.erb within layouts/application (0.5ms)
  Rendered layouts/_nav.html.erb (0.4ms)
  Rendered layouts/_foot.html.erb (0.3ms)
Completed 200 OK in 83ms (Views: 82.3ms | ActiveRecord: 0.1ms)


Started GET "/assets/footer.self-7e61a478cd9a099b557890f5aac00c024c56681eb2f59f6c8ef9b8638a058af4.css?body=1" for ::1 at 2016-11-29 19:02:22 -0800


Started GET "/assets/scaffolds.self-bb59d7884eaaf84ba5c96cedfff6ab8d6944883dc64eec8b85105eb10a78c5ea.css?body=1" for ::1 at 2016-11-29 19:02:22 -0800


Started GET "/assets/yeti.self-53722acde2599d04613661cb330121835c17a10642efe0004b774dbc1f6afd39.css?body=1" for ::1 at 2016-11-29 19:02:22 -0800


Started GET "/assets/bootstrap/alert.self-d8b7bd612b3dcfdefb7b5539b9d5848d66ccbd3e7af8bb8d48bfb3288aaa7be8.js?body=1" for ::1 at 2016-11-29 19:02:22 -0800


Started GET "/assets/bootstrap/affix.self-3555752f8a930795ee9e56751a52e6871104ae85d01b3ab8363da3802a5ecc78.js?body=1" for ::1 at 2016-11-29 19:02:22 -0800


Started GET "/assets/jquery.self-c64a74367bda6ef8b860f19e74df08927ca99d2be2ac934e9e92d5fd361e0da4.js?body=1" for ::1 at 2016-11-29 19:02:22 -0800


Started GET "/assets/application.self-9369d0e332f5a9bdbcf2d8b18da6fd5ffaff766d2c9949de76ec1b554ab5947a.css?body=1" for ::1 at 2016-11-29 19:02:22 -0800


Started GET "/assets/bootstrap/button.self-e74d33ba39500940a78d6fa4d2d64f6ca7fd86d60a2149641f7fde7ba711d8a1.js?body=1" for ::1 at 2016-11-29 19:02:22 -0800


Started GET "/assets/bootstrap/carousel.self-35d204878d906298e55bc24553e11fd89b980fc4ffe5792fe36af8c0da289c54.js?body=1" for ::1 at 2016-11-29 19:02:22 -0800


Started GET "/assets/bootstrap/collapse.self-056c40532d9f0f126ec17e839f60c942f573fbd61a086e7f156306e3fc5e8c1f.js?body=1" for ::1 at 2016-11-29 19:02:22 -0800


Started GET "/assets/bootstrap/dropdown.self-e56c2ffee4618411d43ecf15c89273f6223847ad756e1cd17545d04afa732ed4.js?body=1" for ::1 at 2016-11-29 19:02:22 -0800


Started GET "/assets/bootstrap/modal.self-62463080dba6b9d024ff0a3192da0e76eacbc683194f3395047c6f5cfa0acb59.js?body=1" for ::1 at 2016-11-29 19:02:22 -0800


Started GET "/assets/bootstrap/scrollspy.self-52afd90e8ba97d9f08617a13986e8869d6c4a45751c0bff59a6f91241e722aca.js?body=1" for ::1 at 2016-11-29 19:02:22 -0800


Started GET "/assets/bootstrap/tab.self-dad0d5c377f9fae26394484535ebb23ccf68afae084f896af6ea4cdf8c9f6ae0.js?body=1" for ::1 at 2016-11-29 19:02:22 -0800


Started GET "/assets/bootstrap/transition.self-3b268d4cd8c79e46ded7392885f72f64ffb5b0d49948a12b8cf9779f6163e13a.js?body=1" for ::1 at 2016-11-29 19:02:22 -0800


Started GET "/assets/bootstrap/tooltip.self-facdc69246a072acb927ded77ff655f7c27a518b9357fddd45d119fbc8a0ab9f.js?body=1" for ::1 at 2016-11-29 19:02:22 -0800


Started GET "/assets/bootstrap/popover.self-210cff1fb4b72b71a29b5122180cb5937c8145cd13a934dc838280f1d9607a3e.js?body=1" for ::1 at 2016-11-29 19:02:22 -0800


Started GET "/assets/bootstrap-sprockets.self-fbfa5ad7d9aa0afe439ec4ff3883acc4cb92b62cb67c40d674320c9aa1d4642d.js?body=1" for ::1 at 2016-11-29 19:02:22 -0800


Started GET "/assets/jquery_ujs.self-d602bdfe68ffc63b9f9cc512872aa3cfff046228a0a36e90dd476e8ef54c1b09.js?body=1" for ::1 at 2016-11-29 19:02:22 -0800


Started GET "/assets/turbolinks.self-c37727e9bd6b2735da5c311aa83fead54ed0be6cc8bd9a65309e9c5abe2cbfff.js?body=1" for ::1 at 2016-11-29 19:02:22 -0800


Started GET "/assets/application.self-f8806224e027f3e3f0138ea9ce99319e298dfdb323304d1f1be6eae8e8c74724.js?body=1" for ::1 at 2016-11-29 19:02:22 -0800


Started GET "/" for ::1 at 2016-11-29 19:03:16 -0800
Processing by PagesController#index as HTML
  [1m[35mArticle Load (0.1ms)[0m  SELECT  "articles".* FROM "articles"  ORDER BY "articles"."id" DESC LIMIT 5
  Rendered pages/index.html.erb within layouts/application (0.4ms)
  Rendered layouts/_nav.html.erb (0.4ms)
  Rendered layouts/_foot.html.erb (0.1ms)
Completed 200 OK in 42ms (Views: 40.7ms | ActiveRecord: 0.1ms)


Started GET "/" for ::1 at 2016-11-29 19:14:25 -0800
Processing by PagesController#index as HTML
  [1m[36mArticle Load (0.1ms)[0m  [1mSELECT  "articles".* FROM "articles"  ORDER BY "articles"."id" DESC LIMIT 5[0m
  Rendered pages/index.html.erb within layouts/application (0.0ms)
  Rendered layouts/_nav.html.erb (0.4ms)
  Rendered layouts/_foot.html.erb (0.1ms)
Completed 200 OK in 45ms (Views: 44.2ms | ActiveRecord: 0.1ms)


Started GET "/assets/bootstrap/dropdown.self-e56c2ffee4618411d43ecf15c89273f6223847ad756e1cd17545d04afa732ed4.js?body=1" for ::1 at 2016-11-29 19:14:25 -0800


Started GET "/assets/bootstrap/tab.self-dad0d5c377f9fae26394484535ebb23ccf68afae084f896af6ea4cdf8c9f6ae0.js?body=1" for ::1 at 2016-11-29 19:14:25 -0800


Started GET "/assets/bootstrap/modal.self-62463080dba6b9d024ff0a3192da0e76eacbc683194f3395047c6f5cfa0acb59.js?body=1" for ::1 at 2016-11-29 19:14:25 -0800


Started GET "/assets/bootstrap/scrollspy.self-52afd90e8ba97d9f08617a13986e8869d6c4a45751c0bff59a6f91241e722aca.js?body=1" for ::1 at 2016-11-29 19:14:25 -0800


Started GET "/assets/bootstrap/tooltip.self-facdc69246a072acb927ded77ff655f7c27a518b9357fddd45d119fbc8a0ab9f.js?body=1" for ::1 at 2016-11-29 19:14:25 -0800


Started GET "/assets/bootstrap/transition.self-3b268d4cd8c79e46ded7392885f72f64ffb5b0d49948a12b8cf9779f6163e13a.js?body=1" for ::1 at 2016-11-29 19:14:25 -0800


Started GET "/assets/bootstrap/popover.self-210cff1fb4b72b71a29b5122180cb5937c8145cd13a934dc838280f1d9607a3e.js?body=1" for ::1 at 2016-11-29 19:14:25 -0800


Started GET "/assets/bootstrap-sprockets.self-fbfa5ad7d9aa0afe439ec4ff3883acc4cb92b62cb67c40d674320c9aa1d4642d.js?body=1" for ::1 at 2016-11-29 19:14:25 -0800


Started GET "/assets/jquery_ujs.self-d602bdfe68ffc63b9f9cc512872aa3cfff046228a0a36e90dd476e8ef54c1b09.js?body=1" for ::1 at 2016-11-29 19:14:25 -0800


Started GET "/assets/application.self-f8806224e027f3e3f0138ea9ce99319e298dfdb323304d1f1be6eae8e8c74724.js?body=1" for ::1 at 2016-11-29 19:14:25 -0800


Started GET "/assets/turbolinks.self-c37727e9bd6b2735da5c311aa83fead54ed0be6cc8bd9a65309e9c5abe2cbfff.js?body=1" for ::1 at 2016-11-29 19:14:25 -0800


Started GET "/assets/footer.self-7e61a478cd9a099b557890f5aac00c024c56681eb2f59f6c8ef9b8638a058af4.css?body=1" for ::1 at 2016-11-29 19:14:25 -0800


Started GET "/assets/scaffolds.self-bb59d7884eaaf84ba5c96cedfff6ab8d6944883dc64eec8b85105eb10a78c5ea.css?body=1" for ::1 at 2016-11-29 19:14:25 -0800


Started GET "/assets/yeti.self-53722acde2599d04613661cb330121835c17a10642efe0004b774dbc1f6afd39.css?body=1" for ::1 at 2016-11-29 19:14:25 -0800


Started GET "/assets/application.self-9369d0e332f5a9bdbcf2d8b18da6fd5ffaff766d2c9949de76ec1b554ab5947a.css?body=1" for ::1 at 2016-11-29 19:14:25 -0800


Started GET "/assets/jquery.self-c64a74367bda6ef8b860f19e74df08927ca99d2be2ac934e9e92d5fd361e0da4.js?body=1" for ::1 at 2016-11-29 19:14:25 -0800


Started GET "/assets/bootstrap/affix.self-3555752f8a930795ee9e56751a52e6871104ae85d01b3ab8363da3802a5ecc78.js?body=1" for ::1 at 2016-11-29 19:14:25 -0800


Started GET "/assets/bootstrap/alert.self-d8b7bd612b3dcfdefb7b5539b9d5848d66ccbd3e7af8bb8d48bfb3288aaa7be8.js?body=1" for ::1 at 2016-11-29 19:14:25 -0800


Started GET "/assets/bootstrap/carousel.self-35d204878d906298e55bc24553e11fd89b980fc4ffe5792fe36af8c0da289c54.js?body=1" for ::1 at 2016-11-29 19:14:25 -0800


Started GET "/assets/bootstrap/button.self-e74d33ba39500940a78d6fa4d2d64f6ca7fd86d60a2149641f7fde7ba711d8a1.js?body=1" for ::1 at 2016-11-29 19:14:25 -0800


Started GET "/assets/bootstrap/collapse.self-056c40532d9f0f126ec17e839f60c942f573fbd61a086e7f156306e3fc5e8c1f.js?body=1" for ::1 at 2016-11-29 19:14:25 -0800


Started GET "/users/sign_up" for ::1 at 2016-11-29 23:11:10 -0800
Processing by RegistrationsController#new as HTML
  Rendered devise/shared/_links.html.erb (4.2ms)
  Rendered devise/registrations/new.html.erb within layouts/application (61.2ms)
  Rendered layouts/_nav.html.erb (1.1ms)
  Rendered layouts/_foot.html.erb (0.1ms)
Completed 200 OK in 132ms (Views: 119.8ms | ActiveRecord: 0.4ms)
